<?xml version="1.0" encoding="UTF-8"?>
<!DOCTYPE suite SYSTEM "http://testng.org/testng-1.0.dtd" >

<suite name="SimpleSuite">

	<test name="TicketsTest">
		<groups>
			<run>
				<include name="one-way.*"/>
			</run>
		</groups>
		<packages>
			<package name="by.htp.belavia.test"/> 
		</packages>
	</test>
</suite>